This is pdfTeX, Version 3.141592653-2.6-1.40.26 (TeX Live 2024/TeX Live for SUSE Linux) (preloaded format=pdflatex 2024.3.31)  3 APR 2024 22:07
entering extended mode
 restricted \write18 enabled.
 file:line:error style messages enabled.
 %&-line parsing enabled.
**/home/operador/Documents/GitRepositories/SO2324sv/tp1/report.tex
(/home/operador/Documents/GitRepositories/SO2324sv/tp1/report.tex
LaTeX2e <2023-11-01> patch level 1
L3 programming layer <2024-02-20>
(/usr/share/texmf/tex/latex/base/report.cls
Document Class: report 2023/05/17 v1.4n Standard LaTeX document class
(/usr/share/texmf/tex/latex/base/size11.clo
File: size11.clo 2023/05/17 v1.4n Standard LaTeX file (size option)
)
\c@part=\count188
\c@chapter=\count189
\c@section=\count190
\c@subsection=\count191
\c@subsubsection=\count192
\c@paragraph=\count193
\c@subparagraph=\count194
\c@figure=\count195
\c@table=\count196
\abovecaptionskip=\skip48
\belowcaptionskip=\skip49
\bibindent=\dimen140
) (/usr/share/texmf/tex/latex/tools/multicol.sty
Package: multicol 2023/03/30 v1.9f multicolumn formatting (FMi)
\c@tracingmulticols=\count197
\mult@box=\box51
\multicol@leftmargin=\dimen141
\c@unbalance=\count198
\c@collectmore=\count199
\doublecol@number=\count266
\multicoltolerance=\count267
\multicolpretolerance=\count268
\full@width=\dimen142
\page@free=\dimen143
\premulticols=\dimen144
\postmulticols=\dimen145
\multicolsep=\skip50
\multicolbaselineskip=\skip51
\partial@page=\box52
\last@line=\box53
\mc@boxedresult=\box54
\maxbalancingoverflow=\dimen146
\mult@rightbox=\box55
\mult@grightbox=\box56
\mult@firstbox=\box57
\mult@gfirstbox=\box58
\@tempa=\box59
\@tempa=\box60
\@tempa=\box61
\@tempa=\box62
\@tempa=\box63
\@tempa=\box64
\@tempa=\box65
\@tempa=\box66
\@tempa=\box67
\@tempa=\box68
\@tempa=\box69
\@tempa=\box70
\@tempa=\box71
\@tempa=\box72
\@tempa=\box73
\@tempa=\box74
\@tempa=\box75
\@tempa=\box76
\@tempa=\box77
\@tempa=\box78
\@tempa=\box79
\@tempa=\box80
\@tempa=\box81
\@tempa=\box82
\@tempa=\box83
\@tempa=\box84
\@tempa=\box85
\@tempa=\box86
\@tempa=\box87
\@tempa=\box88
\@tempa=\box89
\@tempa=\box90
\@tempa=\box91
\@tempa=\box92
\@tempa=\box93
\@tempa=\box94
\c@minrows=\count269
\c@columnbadness=\count270
\c@finalcolumnbadness=\count271
\last@try=\dimen147
\multicolovershoot=\dimen148
\multicolundershoot=\dimen149
\mult@nat@firstbox=\box95
\colbreak@box=\box96
\mc@col@check@num=\count272
) (/usr/share/texmf/tex/latex/tools/longtable.sty
Package: longtable 2023-11-01 v4.19 Multi-page Table package (DPC)
\LTleft=\skip52
\LTright=\skip53
\LTpre=\skip54
\LTpost=\skip55
\LTchunksize=\count273
\LTcapwidth=\dimen150
\LT@head=\box97
\LT@firsthead=\box98
\LT@foot=\box99
\LT@lastfoot=\box100
\LT@gbox=\box101
\LT@cols=\count274
\LT@rows=\count275
\c@LT@tables=\count276
\c@LT@chunks=\count277
\LT@p@ftn=\toks17
) (/usr/share/texmf/tex/latex/listings/listings.sty (/usr/share/texmf/tex/latex/graphics/keyval.sty
Package: keyval 2022/05/29 v1.15 key=value parser (DPC)
\KV@toks@=\toks18
)
\lst@mode=\count278
\lst@gtempboxa=\box102
\lst@token=\toks19
\lst@length=\count279
\lst@currlwidth=\dimen151
\lst@column=\count280
\lst@pos=\count281
\lst@lostspace=\dimen152
\lst@width=\dimen153
\lst@newlines=\count282
\lst@lineno=\count283
\lst@maxwidth=\dimen154
 (/usr/share/texmf/tex/latex/listings/lstpatch.sty
File: lstpatch.sty 2024/02/21 1.10 (Carsten Heinz)
) (/usr/share/texmf/tex/latex/listings/lstmisc.sty
File: lstmisc.sty 2024/02/21 1.10 (Carsten Heinz)
\c@lstnumber=\count284
\lst@skipnumbers=\count285
\lst@framebox=\box103
) (/usr/share/texmf/tex/latex/listings/listings.cfg
File: listings.cfg 2024/02/21 1.10 listings configuration
))
Package: listings 2024/02/21 1.10 (Carsten Heinz)
 (/usr/share/texmf/tex/latex/graphics/color.sty
Package: color 2022/01/06 v1.3d Standard LaTeX Color (DPC)
 (/usr/share/texmf/tex/latex/graphics-cfg/color.cfg
File: color.cfg 2016/01/02 v1.6 sample color configuration
)
Package color Info: Driver file: pdftex.def on input line 149.
 (/usr/share/texmf/tex/latex/graphics-def/pdftex.def
File: pdftex.def 2022/09/22 v1.2b Graphics/color driver for pdftex
) (/usr/share/texmf/tex/latex/graphics/mathcolor.ltx)) (/usr/share/texmf/tex/latex/l3backend/l3backend-pdftex.def
File: l3backend-pdftex.def 2024-02-20 L3 backend support: PDF output (pdfTeX)
\l__color_backend_stack_int=\count286
\l__pdf_internal_box=\box104
) (./report.aux)
\openout1 = `report.aux'.

LaTeX Font Info:    Checking defaults for OML/cmm/m/it on input line 48.
LaTeX Font Info:    ... okay on input line 48.
LaTeX Font Info:    Checking defaults for OMS/cmsy/m/n on input line 48.
LaTeX Font Info:    ... okay on input line 48.
LaTeX Font Info:    Checking defaults for OT1/cmr/m/n on input line 48.
LaTeX Font Info:    ... okay on input line 48.
LaTeX Font Info:    Checking defaults for T1/cmr/m/n on input line 48.
LaTeX Font Info:    ... okay on input line 48.
LaTeX Font Info:    Checking defaults for TS1/cmr/m/n on input line 48.
LaTeX Font Info:    ... okay on input line 48.
LaTeX Font Info:    Checking defaults for OMX/cmex/m/n on input line 48.
LaTeX Font Info:    ... okay on input line 48.
LaTeX Font Info:    Checking defaults for U/cmr/m/n on input line 48.
LaTeX Font Info:    ... okay on input line 48.
\c@lstlisting=\count287
 (/usr/share/texmf/tex/context/base/mkii/supp-pdf.mkii
[Loading MPS to PDF converter (version 2006.09.02).]
\scratchcounter=\count288
\scratchdimen=\dimen155
\scratchbox=\box105
\nofMPsegments=\count289
\nofMParguments=\count290
\everyMPshowfont=\toks20
\MPscratchCnt=\count291
\MPscratchDim=\dimen156
\MPnumerator=\count292
\makeMPintoPDFobject=\count293
\everyMPtoPDFconversion=\toks21
) (/usr/share/texmf/tex/latex/listings/lstlang1.sty
File: lstlang1.sty 2024/02/21 1.10 listings language file
) (/usr/share/texmf/tex/latex/listings/lstmisc.sty
File: lstmisc.sty 2024/02/21 1.10 (Carsten Heinz)
)
LaTeX Font Info:    External font `cmex10' loaded for size
(Font)              <10.95> on input line 83.
LaTeX Font Info:    External font `cmex10' loaded for size
(Font)              <8> on input line 83.
LaTeX Font Info:    External font `cmex10' loaded for size
(Font)              <6> on input line 83.
 (./vector_stat_proc.c
Overfull \hbox (34.21887pt too wide) in paragraph at lines 3--4
[][] 
 []

LaTeX Font Info:    Font shape `OT1/cmtt/bx/n' in size <9> not available
(Font)              Font shape `OT1/cmtt/m/n' tried instead on input line 5.

Overfull \hbox (79.57874pt too wide) in paragraph at lines 14--16
[][] 
 []


Overfull \hbox (51.22882pt too wide) in paragraph at lines 16--17
[][] 
 []

LaTeX Font Info:    Trying to load font information for TS1+cmtt on input line 25.
(/usr/share/texmf/tex/latex/base/ts1cmtt.fd
File: ts1cmtt.fd 2023/04/13 v2.5m Standard LaTeX font definitions
))
Overfull \hbox (79.57874pt too wide) in paragraph at lines 51--83
[][] 
 []

/home/operador/Documents/GitRepositories/SO2324sv/tp1/report.tex:83: Extra alignment tab has been changed to \cr.
<recently read> \endtemplate 
                             
l.83 ...e=C, caption=vector]{vector_stat_proc.c} &
                                                   \lstset{style=ccode} \lst...
You have given more \span or & marks than there were
in the preamble to the \halign or \valign now in progress.
So I'll assume that you meant to type \cr instead.

(./utilities.c
Overfull \hbox (96.58868pt too wide) in paragraph at lines 1--2
[][] 
 []


Overfull \hbox (141.94855pt too wide) in paragraph at lines 11--13
[][] 
 []


Overfull \hbox (56.8988pt too wide) in paragraph at lines 13--14
[][] 
 []


Overfull \hbox (141.94855pt too wide) in paragraph at lines 123--124
[][] 
 []


Overfull \hbox (141.94855pt too wide) in paragraph at lines 124--126
[][] 
 []


Overfull \hbox (45.55884pt too wide) in paragraph at lines 126--127
[][] 
 []


Overfull \hbox (141.94855pt too wide) in paragraph at lines 142--143
[][] 
 []


Overfull \hbox (141.94855pt too wide) in paragraph at lines 143--145
[][] 
 []


Overfull \hbox (39.88885pt too wide) in paragraph at lines 145--146
[][] 
 []

)
Overfull \hbox (141.94855pt too wide) in paragraph at lines 201--83
[][] 
 []

(./utilities.h
Overfull \hbox (39.88885pt too wide) in paragraph at l