22:51:40 **** Build of configuration Default for project tp1 ****
make vector_stat_proc 
gcc -Wall -g -c utilities.c -o utilities.o
In file included from utilities.c:10:
utilities.c: In function ‘createIntArrays’:
utilities.h:15:33: warning: returning ‘int’ from a function with return type ‘int *’ makes pointer from integer without a cast [-Wint-conversion]
   15 | #define ERROR_RETURN            -1
      |                                 ^
utilities.c:132:16: note: in expansion of macro ‘ERROR_RETURN’
  132 |         return ERROR_RETURN;
      |                ^~~~~~~~~~~~
utilities.c: In function ‘codeEval’:
utilities.c:176:5: warning: implicit declaration of function ‘gettimeofday’ [-Wimplicit-function-declaration]
  176 |     gettimeofday(&t1, NULL);
      |     ^~~~~~~~~~~~
gcc -Wall -g vector_stat_proc.o utilities.o -o vector_stat_proc -lm
22:51:45 **** Incremental Build of configuration Default for project tp1 ****
make all 
make: Nothing to be done for 'all'.
22:51:52 **** Incremental Build of configuration Default for project tp1 ****
make all 
make: Nothing to be done for 'all'.
22:52:07 **** Incremental Build of configuration Default for project tp1 ****
make all 
make: Nothing to be done for 'all'.
22:52:30 **** Incremental Build of configuration Default for project tp1 ****
make all 
make: Nothing to be done for 'all'.
22:52:41 **** Incremental Build of configuration Default for project tp1 ****
make all 
make: Nothing to be done for 'all'.
22:52:56 **** Incremental Build of configuration Default for project tp1 ****
make all 
make: Nothing to be done for 'all'.
